c:\users\seal\source\repos\imgui-directx-9-kiero-hook\imgui directx 9 kiero hook 2\release\vc143.pdb
c:\users\seal\source\repos\imgui-directx-9-kiero-hook\imgui directx 9 kiero hook 2\release\main.obj
c:\users\seal\source\repos\imgui-directx-9-kiero-hook\imgui directx 9 kiero hook 2\release\kiero.obj
c:\users\seal\source\repos\imgui-directx-9-kiero-hook\imgui directx 9 kiero hook 2\release\imgui_widgets.obj
c:\users\seal\source\repos\imgui-directx-9-kiero-hook\imgui directx 9 kiero hook 2\release\imgui_impl_win32.obj
c:\users\seal\source\repos\imgui-directx-9-kiero-hook\imgui directx 9 kiero hook 2\release\imgui_impl_dx9.obj
c:\users\seal\source\repos\imgui-directx-9-kiero-hook\imgui directx 9 kiero hook 2\release\imgui_draw.obj
c:\users\seal\source\repos\imgui-directx-9-kiero-hook\imgui directx 9 kiero hook 2\release\imgui_demo.obj
c:\users\seal\source\repos\imgui-directx-9-kiero-hook\imgui directx 9 kiero hook 2\release\imgui.obj
c:\users\seal\source\repos\imgui-directx-9-kiero-hook\imgui directx 9 kiero hook 2\release\bhop.obj
c:\users\seal\source\repos\imgui-directx-9-kiero-hook\imgui directx 9 kiero hook 2\release\trampoline.obj
c:\users\seal\source\repos\imgui-directx-9-kiero-hook\imgui directx 9 kiero hook 2\release\hook.obj
c:\users\seal\source\repos\imgui-directx-9-kiero-hook\imgui directx 9 kiero hook 2\release\hde64.obj
c:\users\seal\source\repos\imgui-directx-9-kiero-hook\imgui directx 9 kiero hook 2\release\hde32.obj
c:\users\seal\source\repos\imgui-directx-9-kiero-hook\imgui directx 9 kiero hook 2\release\buffer.obj
c:\users\seal\source\repos\imgui-directx-9-kiero-hook\imgui directx 9 kiero hook 2\release\minhook.res
c:\users\seal\source\repos\imgui-directx-9-kiero-hook\imgui directx 9 kiero hook 2\release\imgui di.11ea4a46.tlog\cl.command.1.tlog
c:\users\seal\source\repos\imgui-directx-9-kiero-hook\imgui directx 9 kiero hook 2\release\imgui di.11ea4a46.tlog\cl.read.1.tlog
c:\users\seal\source\repos\imgui-directx-9-kiero-hook\imgui directx 9 kiero hook 2\release\imgui di.11ea4a46.tlog\cl.write.1.tlog
c:\users\seal\source\repos\imgui-directx-9-kiero-hook\imgui directx 9 kiero hook 2\release\imgui di.11ea4a46.tlog\link.command.1.tlog
c:\users\seal\source\repos\imgui-directx-9-kiero-hook\imgui directx 9 kiero hook 2\release\imgui di.11ea4a46.tlog\link.read.1.tlog
c:\users\seal\source\repos\imgui-directx-9-kiero-hook\imgui directx 9 kiero hook 2\release\imgui di.11ea4a46.tlog\link.write.1.tlog
c:\users\seal\source\repos\imgui-directx-9-kiero-hook\imgui directx 9 kiero hook 2\release\imgui di.11ea4a46.tlog\rc.command.1.tlog
c:\users\seal\source\repos\imgui-directx-9-kiero-hook\imgui directx 9 kiero hook 2\release\imgui di.11ea4a46.tlog\rc.read.1.tlog
c:\users\seal\source\repos\imgui-directx-9-kiero-hook\imgui directx 9 kiero hook 2\release\imgui di.11ea4a46.tlog\rc.write.1.tlog
